0 info it worked if it ends with ok
1 verbose cli [ 'node', '/usr/local/bin/npm', 'install', 'body-parser' ]
2 info using npm@1.4.28
3 info using node@v0.10.33
4 warn package.json MegaUpload@1.0.0 No repository field.
5 warn package.json MegaUpload@1.0.0 No README data
6 verbose readDependencies using package.json deps
7 verbose cache add [ 'body-parser', null ]
8 verbose cache add name=undefined spec="body-parser" args=["body-parser",null]
9 verbose parsed url { protocol: null,
9 verbose parsed url   slashes: null,
9 verbose parsed url   auth: null,
9 verbose parsed url   host: null,
9 verbose parsed url   port: null,
9 verbose parsed url   hostname: null,
9 verbose parsed url   hash: null,
9 verbose parsed url   search: null,
9 verbose parsed url   query: null,
9 verbose parsed url   pathname: 'body-parser',
9 verbose parsed url   path: 'body-parser',
9 verbose parsed url   href: 'body-parser' }
10 silly lockFile 14cf125c-body-parser body-parser
11 verbose lock body-parser /Users/wirszt_j/.npm/14cf125c-body-parser.lock
12 silly lockFile 14cf125c-body-parser body-parser
13 silly lockFile 14cf125c-body-parser body-parser
14 verbose addNamed [ 'body-parser', '' ]
15 verbose addNamed [ null, '*' ]
16 silly lockFile 9f665704-body-parser body-parser@
17 verbose lock body-parser@ /Users/wirszt_j/.npm/9f665704-body-parser.lock
18 silly addNameRange { name: 'body-parser', range: '*', hasData: false }
19 verbose request where is /body-parser
20 verbose request registry https://registry.npmjs.org/
21 verbose request id 8168c16632248b59
22 verbose url raw /body-parser
23 verbose url resolving [ 'https://registry.npmjs.org/', './body-parser' ]
24 verbose url resolved https://registry.npmjs.org/body-parser
25 verbose request where is https://registry.npmjs.org/body-parser
26 info trying registry request attempt 1 at 16:15:56
27 verbose etag "CQT1ETO6E37NGMZHIBHF79O2X"
28 http GET https://registry.npmjs.org/body-parser
29 http 200 https://registry.npmjs.org/body-parser
30 silly registry.get cb [ 200,
30 silly registry.get   { date: 'Sat, 21 Feb 2015 00:15:57 GMT',
30 silly registry.get     server: 'CouchDB/1.5.0 (Erlang OTP/R16B03)',
30 silly registry.get     etag: '"EPM0XKE5BXC6NUON3PW7D5DEA"',
30 silly registry.get     'content-type': 'application/json',
30 silly registry.get     'cache-control': 'max-age=60',
30 silly registry.get     'content-length': '87834',
30 silly registry.get     'accept-ranges': 'bytes',
30 silly registry.get     via: '1.1 varnish',
30 silly registry.get     age: '34',
30 silly registry.get     'x-served-by': 'cache-lax1420-LAX',
30 silly registry.get     'x-cache': 'HIT',
30 silly registry.get     'x-cache-hits': '1',
30 silly registry.get     'x-timer': 'S1424477757.026646,VS0,VE0',
30 silly registry.get     vary: 'Accept',
30 silly registry.get     'keep-alive': 'timeout=10, max=50',
30 silly registry.get     connection: 'Keep-Alive' } ]
31 silly addNameRange number 2 { name: 'body-parser', range: '*', hasData: true }
32 silly addNameRange versions [ 'body-parser',
32 silly addNameRange   [ '1.0.0',
32 silly addNameRange     '1.0.1',
32 silly addNameRange     '1.0.2',
32 silly addNameRange     '1.1.0',
32 silly addNameRange     '1.1.1',
32 silly addNameRange     '1.1.2',
32 silly addNameRange     '1.2.0',
32 silly addNameRange     '1.2.1',
32 silly addNameRange     '1.2.2',
32 silly addNameRange     '1.3.0',
32 silly addNameRange     '1.3.1',
32 silly addNameRange     '1.4.0',
32 silly addNameRange     '1.4.1',
32 silly addNameRange     '1.4.2',
32 silly addNameRange     '1.4.3',
32 silly addNameRange     '1.5.0',
32 silly addNameRange     '1.5.1',
32 silly addNameRange     '1.5.2',
32 silly addNameRange     '1.6.0',
32 silly addNameRange     '1.6.1',
32 silly addNameRange     '1.6.2',
32 silly addNameRange     '1.6.3',
32 silly addNameRange     '1.6.4',
32 silly addNameRange     '1.6.5',
32 silly addNameRange     '1.6.6',
32 silly addNameRange     '1.6.7',
32 silly addNameRange     '1.7.0',
32 silly addNameRange     '1.8.0',
32 silly addNameRange     '1.8.1',
32 silly addNameRange     '1.8.2',
32 silly addNameRange     '1.8.3',
32 silly addNameRange     '1.8.4',
32 silly addNameRange     '1.9.0',
32 silly addNameRange     '1.9.1',
32 silly addNameRange     '1.9.2',
32 silly addNameRange     '1.9.3',
32 silly addNameRange     '1.10.0',
32 silly addNameRange     '1.10.1',
32 silly addNameRange     '1.10.2',
32 silly addNameRange     '1.11.0',
32 silly addNameRange     '1.12.0' ] ]
33 verbose addNamed [ 'body-parser', '1.12.0' ]
34 verbose addNamed [ '1.12.0', '1.12.0' ]
35 silly lockFile 6c41bb2b-body-parser-1-12-0 body-parser@1.12.0
36 verbose lock body-parser@1.12.0 /Users/wirszt_j/.npm/6c41bb2b-body-parser-1-12-0.lock
37 silly lockFile 361bacb6-dy-parser-body-parser-1-12-0-tgz https://registry.npmjs.org/body-parser/-/body-parser-1.12.0.tgz
38 verbose lock https://registry.npmjs.org/body-parser/-/body-parser-1.12.0.tgz /Users/wirszt_j/.npm/361bacb6-dy-parser-body-parser-1-12-0-tgz.lock
39 verbose addRemoteTarball [ 'https://registry.npmjs.org/body-parser/-/body-parser-1.12.0.tgz',
39 verbose addRemoteTarball   '9750fc3cc1080b34a13d18c79840cd559979fce5' ]
40 info retry fetch attempt 1 at 16:15:56
41 verbose fetch to= /var/folders/4n/wf6hg52j2cvcy_5swwtvrslc0000gn/T/npm-47842-rxWKT_y5/registry.npmjs.org/body-parser/-/body-parser-1.12.0.tgz
42 http GET https://registry.npmjs.org/body-parser/-/body-parser-1.12.0.tgz
43 http 200 https://registry.npmjs.org/body-parser/-/body-parser-1.12.0.tgz
44 silly lockFile 361bacb6-dy-parser-body-parser-1-12-0-tgz https://registry.npmjs.org/body-parser/-/body-parser-1.12.0.tgz
45 silly lockFile 361bacb6-dy-parser-body-parser-1-12-0-tgz https://registry.npmjs.org/body-parser/-/body-parser-1.12.0.tgz
46 silly lockFile 6c41bb2b-body-parser-1-12-0 body-parser@1.12.0
47 silly lockFile 6c41bb2b-body-parser-1-12-0 body-parser@1.12.0
48 silly lockFile 9f665704-body-parser body-parser@
49 silly lockFile 9f665704-body-parser body-parser@
50 error Error: EACCES, mkdir '/Users/wirszt_j/.npm/body-parser/1.12.0'
50 error  { [Error: EACCES, mkdir '/Users/wirszt_j/.npm/body-parser/1.12.0']
50 error   errno: 3,
50 error   code: 'EACCES',
50 error   path: '/Users/wirszt_j/.npm/body-parser/1.12.0',
50 error   parent: 'MegaUpload' }
51 error Please try running this command again as root/Administrator.
52 error System Darwin 14.1.0
53 error command "node" "/usr/local/bin/npm" "install" "body-parser"
54 error cwd /Users/wirszt_j/Documents/MegaUpload
55 error node -v v0.10.33
56 error npm -v 1.4.28
57 error path /Users/wirszt_j/.npm/body-parser/1.12.0
58 error code EACCES
59 error errno 3
60 error stack Error: EACCES, mkdir '/Users/wirszt_j/.npm/body-parser/1.12.0'
61 verbose exit [ 3, true ]
